The system is: Linux - 3.13.0-49-generic - x86_64
Compiling the CXX compiler identification source file "CMakeCXXCompilerId.cpp" succeeded.
Compiler: /usr/bin/c++ 
Build flags: 
Id flags: 

The output was:
0


Compilation of the CXX compiler identification source "CMakeCXXCompilerId.cpp" produced "a.out"

The CXX compiler identification is GNU, found in "/home/juan/Uni/Diseño2/IS-PS/src/gflags-2.1.2/CMakeFiles/2.8.12.2/CompilerIdCXX/a.out"

Determining if the CXX compiler works passed with the following output:
Change Dir: /home/juan/Uni/Diseño2/IS-PS/src/gflags-2.1.2/CMakeFiles/CMakeTmp

Run Build Command:/usr/bin/make "cmTryCompileExec1601431485/fast"
/usr/bin/make -f CMakeFiles/cmTryCompileExec1601431485.dir/build.make CMakeFiles/cmTryCompileExec1601431485.dir/build
make[1]: Entering directory `/home/juan/Uni/Diseño2/IS-PS/src/gflags-2.1.2/CMakeFiles/CMakeTmp'
/usr/bin/cmake -E cmake_progress_report /home/juan/Uni/Diseño2/IS-PS/src/gflags-2.1.2/CMakeFiles/CMakeTmp/CMakeFiles 1
Building CXX object CMakeFiles/cmTryCompileExec1601431485.dir/testCXXCompiler.cxx.o
/usr/bin/c++     -o CMakeFiles/cmTryCompileExec1601431485.dir/testCXXCompiler.cxx.o -c /home/juan/Uni/Diseño2/IS-PS/src/gflags-2.1.2/CMakeFiles/CMakeTmp/testCXXCompiler.cxx
Linking CXX executable cmTryCompileExec1601431485
/usr/bin/cmake -E cmake_link_script CMakeFiles/cmTryCompileExec1601431485.dir/link.txt --verbose=1
/usr/bin/c++        CMakeFiles/cmTryCompileExec1601431485.dir/testCXXCompiler.cxx.o  -o cmTryCompileExec1601431485 -rdynamic 
make[1]: Leaving directory `/home/juan/Uni/Diseño2/IS-PS/src/gflags-2.1.2/CMakeFiles/CMakeTmp'


Detecting CXX compiler ABI info compiled with the following output:
Change Dir: /home/juan/Uni/Diseño2/IS-PS/src/gflags-2.1.2/CMakeFiles/CMakeTmp

Run Build Command:/usr/bin/make "cmTryCompileExec4129173472/fast"
/usr/bin/make -f CMakeFiles/cmTryCompileExec4129173472.dir/build.make CMakeFiles/cmTryCompileExec4129173472.dir/build
make[1]: Entering directory `/home/juan/Uni/Diseño2/IS-PS/src/gflags-2.1.2/CMakeFiles/CMakeTmp'
/usr/bin/cmake -E cmake_progress_report /home/juan/Uni/Diseño2/IS-PS/src/gflags-2.1.2/CMakeFiles/CMakeTmp/CMakeFiles 1
Building CXX object CMakeFiles/cmTryCompileExec4129173472.dir/CMakeCXXCompilerABI.cpp.o
/usr/bin/c++     -o CMakeFiles/cmTryCompileExec4129173472.dir/CMakeCXXCompilerABI.cpp.o -c /usr/share/cmake-2.8/Modules/CMakeCXXCompilerABI.cpp
Linking CXX executable cmTryCompileExec4129173472
/usr/bin/cmake -E cmake_link_script CMakeFiles/cmTryCompileExec4129173472.dir/link.txt --verbose=1
/usr/bin/c++      -v CMakeFiles/cmTryCompileExec4129173472.dir/CMakeCXXCompilerABI.cpp.o  -o cmTryCompileExec4129173472 -rdynamic  
Using built-in specs.
COLLECT_GCC=/usr/bin/c++
COLLECT_LTO_WRAPPER=/usr/lib/gcc/x86_64-linux-gnu/4.8/lto-wrapper
Target: x86_64-linux-gnu
Configured with: ../src/configure -v --with-pkgversion='Ubuntu 4.8.2-19ubuntu1' --with-bugurl=file:///usr/share/doc/gcc-4.8/README.Bugs --enable-languages=c,c++,java,go,d,fortran,objc,obj-c++ --prefix=/usr --program-suffix=-4.8 --enable-shared --enable-linker-build-id --libexecdir=/usr/lib --without-included-gettext --enable-threads=posix --with-gxx-include-dir=/usr/include/c++/4.8 --libdir=/usr/lib --enable-nls --with-sysroot=/ --enable-clocale=gnu --enable-libstdcxx-debug --enable-libstdcxx-time=yes --enable-gnu-unique-object --disable-libmudflap --enable-plugin --with-system-zlib --disable-browser-plugin --enable-java-awt=gtk --enable-gtk-cairo --with-java-home=/usr/lib/jvm/java-1.5.0-gcj-4.8-amd64/jre --enable-java-home --with-jvm-root-dir=/usr/lib/jvm/java-1.5.0-gcj-4.8-amd64 --with-jvm-jar-dir=/usr/lib/jvm-exports/java-1.5.0-gcj-4.8-amd64 --with-arch-directory=amd64 --with-ecj-jar=/usr/share/java/eclipse-ecj.jar --enable-objc-gc --enable-multiarch --disable-werror --with-arch-32=i686 --with-abi=m64 --with-multilib-list=m32,m64,mx32 --with-tune=generic --enable-checking=release --build=x86_64-linux-gnu --host=x86_64-linux-gnu --target=x86_64-linux-gnu
Thread model: posix
gcc version 4.8.2 (Ubuntu 4.8.2-19ubuntu1) 
COMPILER_PATH=/usr/lib/gcc/x86_64-linux-gnu/4.8/:/usr/lib/gcc/x86_64-linux-gnu/4.8/:/usr/lib/gcc/x86_64-linux-gnu/:/usr/lib/gcc/x86_64-linux-gnu/4.8/:/usr/lib/gcc/x86_64-linux-gnu/
LIBRARY_PATH=/usr/lib/gcc/x86_64-linux-gnu/4.8/:/usr/lib/gcc/x86_64-linux-gnu/4.8/../../../x86_64-linux-gnu/:/usr/lib/gcc/x86_64-linux-gnu/4.8/../../../../lib/:/lib/x86_64-linux-gnu/:/lib/../lib/:/usr/lib/x86_64-linux-gnu/:/usr/lib/../lib/:/usr/lib/gcc/x86_64-linux-gnu/4.8/../../../:/lib/:/usr/lib/
COLLECT_GCC_OPTIONS='-v' '-o' 'cmTryCompileExec4129173472' '-rdynamic' '-shared-libgcc' '-mtune=generic' '-march=x86-64'
 /usr/lib/gcc/x86_64-linux-gnu/4.8/collect2 --sysroot=/ --build-id --eh-frame-hdr -m elf_x86_64 --hash-style=gnu --as-needed -export-dynamic -dynamic-linker /lib64/ld-linux-x86-64.so.2 -z relro -o cmTryCompileExec4129173472 /usr/lib/gcc/x86_64-linux-gnu/4.8/../../../x86_64-linux-gnu/crt1.o /usr/lib/gcc/x86_64-linux-gnu/4.8/../../../x86_64-linux-gnu/crti.o /usr/lib/gcc/x86_64-linux-gnu/4.8/crtbegin.o -L/usr/lib/gcc/x86_64-linux-gnu/4.8 -L/usr/lib/gcc/x86_64-linux-gnu/4.8/../../../x86_64-linux-gnu -L/usr/lib/gcc/x86_64-linux-gnu/4.8/../../../../lib -L/lib/x86_64-linux-gnu -L/lib/../lib -L/usr/lib/x86_64-linux-gnu -L/usr/lib/../lib -L/usr/lib/gcc/x86_64-linux-gnu/4.8/../../.. CMakeFiles/cmTryCompileExec4129173472.dir/CMakeCXXCompilerABI.cpp.o -lstdc++ -lm -lgcc_s -lgcc -lc -lgcc_s -lgcc /usr/lib/gcc/x86_64-linux-gnu/4.8/crtend.o /usr/lib/gcc/x86_64-linux-gnu/4.8/../../../x86_64-linux-gnu/crtn.o
make[1]: Leaving directory `/home/juan/Uni/Diseño2/IS-PS/src/gflags-2.1.2/CMakeFiles/CMakeTmp'


Parsed CXX implicit link information from above output:
  link line regex: [^( *|.*[/\])(ld|([^/\]+-)?ld|collect2)[^/\]*( |$)]
  ignore line: [Change Dir: /home/juan/Uni/Diseño2/IS-PS/src/gflags-2.1.2/CMakeFiles/CMakeTmp]
  ignore line: []
  ignore line: [Run Build Command:/usr/bin/make "cmTryCompileExec4129173472/fast"]
  ignore line: [/usr/bin/make -f CMakeFiles/cmTryCompileExec4129173472.dir/build.make CMakeFiles/cmTryCompileExec4129173472.dir/build]
  ignore line: [make[1]: Entering directory `/home/juan/Uni/Diseño2/IS-PS/src/gflags-2.1.2/CMakeFiles/CMakeTmp']
  ignore line: [/usr/bin/cmake -E cmake_progress_report /home/juan/Uni/Diseño2/IS-PS/src/gflags-2.1.2/CMakeFiles/CMakeTmp/CMakeFiles 1]
  ignore line: [Building CXX object CMakeFiles/cmTryCompileExec4129173472.dir/CMakeCXXCompilerABI.cpp.o]
  ignore line: [/usr/bin/c++     -o CMakeFiles/cmTryCompileExec4129173472.dir/CMakeCXXCompilerABI.cpp.o -c /usr/share/cmake-2.8/Modules/CMakeCXXCompilerABI.cpp]
  ignore line: [Linking CXX executable cmTryCompileExec4129173472]
  ignore line: [/usr/bin/cmake -E cmake_link_script CMakeFiles/cmTryCompileExec4129173472.dir/link.txt --verbose=1]
  ignore line: [/usr/bin/c++      -v CMakeFiles/cmTryCompileExec4129173472.dir/CMakeCXXCompilerABI.cpp.o  -o cmTryCompileExec4129173472 -rdynamic  ]
  ignore line: [Using built-in specs.]
  ignore line: [COLLECT_GCC=/usr/bin/c++]
  ignore line: [COLLECT_LTO_WRAPPER=/usr/lib/gcc/x86_64-linux-gnu/4.8/lto-wrapper]
  ignore line: [Target: x86_64-linux-gnu]
  ignore line: [Configured with: ../src/configure -v --with-pkgversion='Ubuntu 4.8.2-19ubuntu1' --with-bugurl=file:///usr/share/doc/gcc-4.8/README.Bugs --enable-languages=c,c++,java,go,d,fortran,objc,obj-c++ --prefix=/usr --program-suffix=-4.8 --enable-shared --enable-linker-build-id --libexecdir=/usr/lib --without-included-gettext --enable-threads=posix --with-gxx-include-dir=/usr/include/c++/4.8 --libdir=/usr/lib --enable-nls --with-sysroot=/ --enable-clocale=gnu --enable-libstdcxx-debug --enable-libstdcxx-time=yes --enable-gnu-unique-object --disable-libmudflap --enable-plugin --with-system-zlib --disable-browser-plugin --enable-java-awt=gtk --enable-gtk-cairo --with-java-home=/usr/lib/jvm/java-1.5.0-gcj-4.8-amd64/jre --enable-java-home --with-jvm-root-dir=/usr/lib/jvm/java-1.5.0-gcj-4.8-amd64 --with-jvm-jar-dir=/usr/lib/jvm-exports/java-1.5.0-gcj-4.8-amd64 --with-arch-directory=amd64 --with-ecj-jar=/usr/share/java/eclipse-ecj.jar --enable-objc-gc --enable-multiarch --disable-werror --with-arch-32=i686 --with-abi=m64 --with-multilib-list=m32,m64,mx32 --with-tune=generic --enable-checking=release --build=x86_64-linux-gnu --host=x86_64-linux-gnu --target=x86_64-linux-gnu]
  ignore line: [Thread model: posix]
  ignore line: [gcc version 4.8.2 (Ubuntu 4.8.2-19ubuntu1) ]
  ignore line: [COMPILER_PATH=/usr/lib/gcc/x86_64-linux-gnu/4.8/:/usr/lib/gcc/x86_64-linux-gnu/4.8/:/usr/lib/gcc/x86_64-linux-gnu/:/usr/lib/gcc/x86_64-linux-gnu/4.8/:/usr/lib/gcc/x86_64-linux-gnu/]
  ignore line: [LIBRARY_PATH=/usr/lib/gcc/x86_64-linux-gnu/4.8/:/usr/lib/gcc/x86_64-linux-gnu/4.8/../../../x86_64-linux-gnu/:/usr/lib/gcc/x86_64-linux-gnu/4.8/../../../../lib/:/lib/x86_64-linux-gnu/:/lib/../lib/:/usr/lib/x86_64-linux-gnu/:/usr/lib/../lib/:/usr/lib/gcc/x86_64-linux-gnu/4.8/../../../:/lib/:/usr/lib/]
  ignore line: [COLLECT_GCC_OPTIONS='-v' '-o' 'cmTryCompileExec4129173472' '-rdynamic' '-shared-libgcc' '-mtune=generic' '-march=x86-64']
  link line: [ /usr/lib/gcc/x86_64-linux-gnu/4.8/collect2 --sysroot=/ --build-id --eh-frame-hdr -m elf_x86_64 --hash-style=gnu --as-needed -export-dynamic -dynamic-linker /lib64/ld-linux-x86-64.so.2 -z relro -o cmTryCompileExec4129173472 /usr/lib/gcc/x86_64-linux-gnu/4.8/../../../x86_64-linux-gnu/crt1.o /usr/lib/gcc/x86_64-linux-gnu/4.8/../../../x86_64-linux-gnu/crti.o /usr/lib/gcc/x86_64-linux-gnu/4.8/crtbegin.o -L/usr/lib/gcc/x86_64-linux-gnu/4.8 -L/usr/lib/gcc/x86_64-linux-gnu/4.8/../../../x86_64-linux-gnu -L/usr/lib/gcc/x86_64-linux-gnu/4.8/../../../../lib -L/lib/x86_64-linux-gnu -L/lib/../lib -L/usr/lib/x86_64-linux-gnu -L/usr/lib/../lib -L/usr/lib/gcc/x86_64-linux-gnu/4.8/../../.. CMakeFiles/cmTryCompileExec4129173472.dir/CMakeCXXCompilerABI.cpp.o -lstdc++ -lm -lgcc_s -lgcc -lc -lgcc_s -lgcc /usr/lib/gcc/x86_64-linux-gnu/4.8/crtend.o /usr/lib/gcc/x86_64-linux-gnu/4.8/../../../x86_64-linux-gnu/crtn.o]
    arg [/usr/lib/gcc/x86_64-linux-gnu/4.8/collect2] ==> ignore
    arg [--sysroot=/] ==> ignore
    arg [--build-id] ==> ignore
    arg [--eh-frame-hdr] ==> ignore
    arg [-m] ==> ignore
    arg [elf_x86_64] ==> ignore
    arg [--hash-style=gnu] ==> ignore
    arg [--as-needed] ==> ignore
    arg [-export-dynamic] ==> ignore
    arg [-dynamic-linker] ==> ignore
    arg [/lib64/ld-linux-x86-64.so.2] ==> ignore
    arg [-zrelro] ==> ignore
    arg [-o] ==> ignore
    arg [cmTryCompileExec4129173472] ==> ignore
    arg [/usr/lib/gcc/x86_64-linux-gnu/4.8/../../../x86_64-linux-gnu/crt1.o] ==> ignore
    arg [/usr/lib/gcc/x86_64-linux-gnu/4.8/../../../x86_64-linux-gnu/crti.o] ==> ignore
    arg [/usr/lib/gcc/x86_64-linux-gnu/4.8/crtbegin.o] ==> ignore
    arg [-L/usr/lib/gcc/x86_64-linux-gnu/4.8] ==> dir [/usr/lib/gcc/x86_64-linux-gnu/4.8]
    arg [-L/usr/lib/gcc/x86_64-linux-gnu/4.8/../../../x86_64-linux-gnu] ==> dir [/usr/lib/gcc/x86_64-linux-gnu/4.8/../../../x86_64-linux-gnu]
    arg [-L/usr/lib/gcc/x86_64-linux-gnu/4.8/../../../../lib] ==> dir [/usr/lib/gcc/x86_64-linux-gnu/4.8/../../../../lib]
    arg [-L/lib/x86_64-linux-gnu] ==> dir [/lib/x86_64-linux-gnu]
    arg [-L/lib/../lib] ==> dir [/lib/../lib]
    arg [-L/usr/lib/x86_64-linux-gnu] ==> dir [/usr/lib/x86_64-linux-gnu]
    arg [-L/usr/lib/../lib] ==> dir [/usr/lib/../lib]
    arg [-L/usr/lib/gcc/x86_64-linux-gnu/4.8/../../..] ==> dir [/usr/lib/gcc/x86_64-linux-gnu/4.8/../../..]
    arg [CMakeFiles/cmTryCompileExec4129173472.dir/CMakeCXXCompilerABI.cpp.o] ==> ignore
    arg [-lstdc++] ==> lib [stdc++]
    arg [-lm] ==> lib [m]
    arg [-lgcc_s] ==> lib [gcc_s]
    arg [-lgcc] ==> lib [gcc]
    arg [-lc] ==> lib [c]
    arg [-lgcc_s] ==> lib [gcc_s]
    arg [-lgcc] ==> lib [gcc]
    arg [/usr/lib/gcc/x86_64-linux-gnu/4.8/crtend.o] ==> ignore
    arg [/usr/lib/gcc/x86_64-linux-gnu/4.8/../../../x86_64-linux-gnu/crtn.o] ==> ignore
  remove lib [gcc_s]
  remove lib [gcc]
  remove lib [gcc_s]
  remove lib [gcc]
  collapse library dir [/usr/lib/gcc/x86_64-linux-gnu/4.8] ==> [/usr/lib/gcc/x86_64-linux-gnu/4.8]
  collapse library dir [/usr/lib/gcc/x86_64-linux-gnu/4.8/../../../x86_64-linux-gnu] ==> [/usr/lib/x86_64-linux-gnu]
  collapse library dir [/usr/lib/gcc/x86_64-linux-gnu/4.8/../../../../lib] ==> [/usr/lib]
  collapse library dir [/lib/x86_64-linux-gnu] ==> [/lib/x86_64-linux-gnu]
  collapse library dir [/lib/../lib] ==> [/lib]
  collapse library dir [/usr/lib/x86_64-linux-gnu] ==> [/usr/lib/x86_64-linux-gnu]
  collapse library dir [/usr/lib/../lib] ==> [/usr/lib]
  collapse library dir [/usr/lib/gcc/x86_64-linux-gnu/4.8/../../..] ==> [/usr/lib]
  implicit libs: [stdc++;m;c]
  implicit dirs: [/usr/lib/gcc/x86_64-linux-gnu/4.8;/usr/lib/x86_64-linux-gnu;/usr/lib;/lib/x86_64-linux-gnu;/lib]
  implicit fwks: []


Compiling the C compiler identification source file "CMakeCCompilerId.c" succeeded.
Compiler: /usr/bin/cc 
Build flags: 
Id flags: 

The output was:
0


Compilation of the C compiler identification source "CMakeCCompilerId.c" produced "a.out"

The C compiler identification is GNU, found in "/home/juan/Uni/Diseño2/IS-PS/src/gflags-2.1.2/CMakeFiles/2.8.12.2/CompilerIdC/a.out"

Determining if the C compiler works passed with the following output:
Change Dir: /home/juan/Uni/Diseño2/IS-PS/src/gflags-2.1.2/CMakeFiles/CMakeTmp

Run Build Command:/usr/bin/make "cmTryCompileExec2534870301/fast"
/usr/bin/make -f CMakeFiles/cmTryCompileExec2534870301.dir/build.make CMakeFiles/cmTryCompileExec2534870301.dir/build
make[1]: Entering directory `/home/juan/Uni/Diseño2/IS-PS/src/gflags-2.1.2/CMakeFiles/CMakeTmp'
/usr/bin/cmake -E cmake_progress_report /home/juan/Uni/Diseño2/IS-PS/src/gflags-2.1.2/CMakeFiles/CMakeTmp/CMakeFiles 1
Building C object CMakeFiles/cmTryCompileExec2534870301.dir/testCCompiler.c.o
/usr/bin/cc    -o CMakeFiles/cmTryCompileExec2534870301.dir/testCCompiler.c.o   -c /home/juan/Uni/Diseño2/IS-PS/src/gflags-2.1.2/CMakeFiles/CMakeTmp/testCCompiler.c
Linking C executable cmTryCompileExec2534870301
/usr/bin/cmake -E cmake_link_script CMakeFiles/cmTryCompileExec2534870301.dir/link.txt --verbose=1
/usr/bin/cc       CMakeFiles/cmTryCompileExec2534870301.dir/testCCompiler.c.o  -o cmTryCompileExec2534870301 -rdynamic 
make[1]: Leaving directory `/home/juan/Uni/Diseño2/IS-PS/src/gflags-2.1.2/CMakeFiles/CMakeTmp'


Detecting C compiler ABI info compiled with the following output:
Change Dir: /home/juan/Uni/Diseño2/IS-PS/src/gflags-2.1.2/CMakeFiles/CMakeTmp

Run Build Command:/usr/bin/make "cmTryCompileExec3242304421/fast"
/usr/bin/make -f CMakeFiles/cmTryCompileExec3242304421.dir/build.make CMakeFiles/cmTryCompileExec3242304421.dir/build
make[1]: Entering directory `/home/juan/Uni/Diseño2/IS-PS/src/gflags-2.1.2/CMakeFiles/CMakeTmp'
/usr/bin/cmake -E cmake_progress_report /home/juan/Uni/Diseño2/IS-PS/src/gflags-2.1.2/CMakeFiles/CMakeTmp/CMakeFiles 1
Building C object CMakeFiles/cmTryCompileExec3242304421.dir/CMakeCCompilerABI.c.o
/usr/bin/cc    -o CMakeFiles/cmTryCompileExec3242304421.dir/CMakeCCompilerABI.c.o   -c /usr/share/cmake-2.8/Modules/CMakeCCompilerABI.c
Linking C executable cmTryCompileExec3242304421
/usr/bin/cmake -E cmake_link_script CMakeFiles/cmTryCompileExec3242304421.dir/link.txt --verbose=1
/usr/bin/cc     -v CMakeFiles/cmTryCompileExec3242304421.dir/CMakeCCompilerABI.c.o  -o cmTryCompileExec3242304421 -rdynamic  
Using built-in specs.
COLLECT_GCC=/usr/bin/cc
COLLECT_LTO_WRAPPER=/usr/lib/gcc/x86_64-linux-gnu/4.8/lto-wrapper
Target: x86_64-linux-gnu
Configured with: ../src/configure -v --with-pkgversion='Ubuntu 4.8.2-19ubuntu1' --with-bugurl=file:///usr/share/doc/gcc-4.8/README.Bugs --enable-languages=c,c++,java,go,d,fortran,objc,obj-c++ --prefix=/usr --program-suffix=-4.8 --enable-shared --enable-linker-build-id --libexecdir=/usr/lib --without-included-gettext --enable-threads=posix --with-gxx-include-dir=/usr/include/c++/4.8 --libdir=/usr/lib --enable-nls --with-sysroot=/ --enable-clocale=gnu --enable-libstdcxx-debug --enable-libstdcxx-time=yes --enable-gnu-unique-object --disable-libmudflap --enable-plugin --with-system-zlib --disable-browser-plugin --enable-java-awt=gtk --enable-gtk-cairo --with-java-home=/usr/lib/jvm/java-1.5.0-gcj-4.8-amd64/jre --enable-java-home --with-jvm-root-dir=/usr/lib/jvm/java-1.5.0-gcj-4.8-amd64 --with-jvm-jar-dir=/usr/lib/jvm-exports/java-1.5.0-gcj-4.8-amd64 --with-arch-directory=amd64 --with-ecj-jar=/usr/share/java/eclipse-ecj.jar --enable-objc-gc --enable-multiarch --disable-werror --with-arch-32=i686 --with-abi=m64 --with-multilib-list=m32,m64,mx32 --with-tune=generic --enable-checking=release --build=x86_64-linux-gnu --host=x86_64-linux-gnu --target=x86_64-linux-gnu
Thread model: posix
gcc version 4.8.2 (Ubuntu 4.8.2-19ubuntu1) 
COMPILER_PATH=/usr/lib/gcc/x86_64-linux-gnu/4.8/:/usr/lib/gcc/x86_64-linux-gnu/4.8/:/usr/lib/gcc/x86_64-linux-gnu/:/usr/lib/gcc/x86_64-linux-gnu/4.8/:/usr/lib/gcc/x86_64-linux-gnu/
LIBRARY_PATH=/usr/lib/gcc/x86_64-linux-gnu/4.8/:/usr/lib/gcc/x86_64-linux-gnu/4.8/../../../x86_64-linux-gnu/:/usr/lib/gcc/x86_64-linux-gnu/4.8/../../../../lib/:/lib/x86_64-linux-gnu/:/lib/../lib/:/usr/lib/x86_64-linux-gnu/:/usr/lib/../lib/:/usr/lib/gcc/x86_64-linux-gnu/4.8/../../../:/lib/:/usr/lib/
COLLECT_GCC_OPTIONS='-v' '-o' 'cmTryCompileExec3242304421' '-rdynamic' '-mtune=generic' '-march=x86-64'
 /usr/lib/gcc/x86_64-linux-gnu/4.8/collect2 --sysroot=/ --build-id --eh-frame-hdr -m elf_x86_64 --hash-style=gnu --as-needed -export-dynamic -dynamic-linker /lib64/ld-linux-x86-64.so.2 -z relro -o cmTryCompileExec3242304421 /usr/lib/gcc/x86_64-linux-gnu/4.8/../../../x86_64-linux-gnu/crt1.o /usr/lib/gcc/x86_64-linux-gnu/4.8/../../../x86_64-linux-gnu/crti.o /usr/lib/gcc/x86_64-linux-gnu/4.8/crtbegin.o -L/usr/lib/gcc/x86_64-linux-gnu/4.8 -L/usr/lib/gcc/x86_64-linux-gnu/4.8/../../../x86_64-linux-gnu -L/usr/lib/gcc/x86_64-linux-gnu/4.8/../../../../lib -L/lib/x86_64-linux-gnu -L/lib/../lib -L/usr/lib/x86_64-linux-gnu -L/usr/lib/../lib -L/usr/lib/gcc/x86_64-linux-gnu/4.8/../../.. CMakeFiles/cmTryCompileExec3242304421.dir/CMakeCCompilerABI.c.o -lgcc --as-needed -lgcc_s --no-as-needed -lc -lgcc --as-needed -lgcc_s --no-as-needed /usr/lib/gcc/x86_64-linux-gnu/4.8/crtend.o /usr/lib/gcc/x86_64-linux-gnu/4.8/../../../x86_64-linux-gnu/crtn.o
make[1]: Leaving directory `/home/juan/Uni/Diseño2/IS-PS/src/gflags-2.1.2/CMakeFiles/CMakeTmp'


Parsed C implicit link information from above output:
  link line regex: [^( *|.*[/\])(ld|([^/\]+-)?ld|collect2)[^/\]*( |$)]
  ignore line: [Change Dir: /home/juan/Uni/Diseño2/IS-PS/src/gflags-2.1.2/CMakeFiles/CMakeTmp]
  ignore line: []
  ignore line: [Run Build Command:/usr/bin/make "cmTryCompileExec3242304421/fast"]
  ignore line: [/usr/bin/make -f CMakeFiles/cmTryCompileExec3242304421.dir/build.make CMakeFiles/cmTryCompileExec3242304421.dir/build]
  ignore line: [make[1]: Entering directory `/home/juan/Uni/Diseño2/IS-PS/src/gflags-2.1.2/CMakeFiles/CMakeTmp']
  ignore line: [/usr/bin/cmake -E cmake_progress_report /home/juan/Uni/Diseño2/IS-PS/src/gflags-2.1.2/CMakeFiles/CMakeTmp/CMakeFiles 1]
  ignore line: [Building C object CMakeFiles/cmTryCompileExec3242304421.dir/CMakeCCompilerABI.c.o]
  ignore line: [/usr/bin/cc    -o CMakeFiles/cmTryCompileExec3242304421.dir/CMakeCCompilerABI.c.o   -c /usr/share/cmake-2.8/Modules/CMakeCCompilerABI.c]
  ignore line: [Linking C executable cmTryCompileExec3242304421]
  ignore line: [/usr/bin/cmake -E cmake_link_script CMakeFiles/cmTryCompileExec3242304421.dir/link.txt --verbose=1]
  ignore line: [/usr/bin/cc     -v CMakeFiles/cmTryCompileExec3242304421.dir/CMakeCCompilerABI.c.o  -o cmTryCompileExec3242304421 -rdynamic  ]
  ignore line: [Using built-in specs.]
  ignore line: [COLLECT_GCC=/usr/bin/cc]
  ignore line: [COLLECT_LTO_WRAPPER=/usr/lib/gcc/x86_64-linux-gnu/4.8/lto-wrapper]
  ignore line: [Target: x86_64-linux-gnu]
  ignore line: [Configured with: ../src/configure -v --with-pkgversion='Ubuntu 4.8.2-19ubuntu1' --with-bugurl=file:///usr/share/doc/gcc-4.8/README.Bugs --enable-languages=c,c++,java,go,d,fortran,objc,obj-c++ --prefix=/usr --program-suffix=-4.8 --enable-shared --enable-linker-build-id --libexecdir=/usr/lib --without-included-gettext --enable-threads=posix --with-gxx-include-dir=/usr/include/c++/4.8 --libdir=/usr/lib --enable-nls --with-sysroot=/ --enable-clocale=gnu --enable-libstdcxx-debug --enable-libstdcxx-time=yes --enable-gnu-unique-object --disable-libmudflap --enable-plugin --with-system-zlib --disable-browser-plugin --enable-java-awt=gtk --enable-gtk-cairo --with-java-home=/usr/lib/jvm/java-1.5.0-gcj-4.8-amd64/jre --enable-java-home --with-jvm-root-dir=/usr/lib/jvm/java-1.5.0-gcj-4.8-amd64 --with-jvm-jar-dir=/usr/lib/jvm-exports/java-1.5.0-gcj-4.8-amd64 --with-arch-directory=amd64 --with-ecj-jar=/usr/share/java/eclipse-ecj.jar --enable-objc-gc --enable-multiarch --disable-werror --with-arch-32=i686 --with-abi=m64 --with-multilib-list=m32,m64,mx32 --with-tune=generic --enable-checking=release --build=x86_64-linux-gnu --host=x86_64-linux-gnu --target=x86_64-linux-gnu]
  ignore line: [Thread model: posix]
  ignore line: [gcc version 4.8.2 (Ubuntu 4.8.2-19ubuntu1) ]
  ignore line: [COMPILER_PATH=/usr/lib/gcc/x86_64-linux-gnu/4.8/:/usr/lib/gcc/x86_64-linux-gnu/4.8/:/usr/lib/gcc/x86_64-linux-gnu/:/usr/lib/gcc/x86_64-linux-gnu/4.8/:/usr/lib/gcc/x86_64-linux-gnu/]
  ignore line: [LIBRARY_PATH=/usr/lib/gcc/x86_64-linux-gnu/4.8/:/usr/lib/gcc/x86_64-linux-gnu/4.8/../../../x86_64-linux-gnu/:/usr/lib/gcc/x86_64-linux-gnu/4.8/../../../../lib/:/lib/x86_64-linux-gnu/:/lib/../lib/:/usr/lib/x86_64-linux-gnu/:/usr/lib/../lib/:/usr/lib/gcc/x86_64-linux-gnu/4.8/../../../:/lib/:/usr/lib/]
  ignore line: [COLLECT_GCC_OPTIONS='-v' '-o' 'cmTryCompileExec3242304421' '-rdynamic' '-mtune=generic' '-march=x86-64']
  link line: [ /usr/lib/gcc/x86_64-linux-gnu/4.8/collect2 --sysroot=/ --build-id --eh-frame-hdr -m elf_x86_64 --hash-style=gnu --as-needed -export-dynamic -dynamic-linker /lib64/ld-linux-x86-64.so.2 -z relro -o cmTryCompileExec3242304421 /usr/lib/gcc/x86_64-linux-gnu/4.8/../../../x86_64-linux-gnu/crt1.o /usr/lib/gcc/x86_64-linux-gnu/4.8/../../../x86_64-linux-gnu/crti.o /usr/lib/gcc/x86_64-linux-gnu/4.8/crtbegin.o -L/usr/lib/gcc/x86_64-linux-gnu/4.8 -L/usr/lib/gcc/x86_64-linux-gnu/4.8/../../../x86_64-linux-gnu -L/usr/lib/gcc/x86_64-linux-gnu/4.8/../../../../lib -L/lib/x86_64-linux-gnu -L/lib/../lib -L/usr/lib/x86_64-linux-gnu -L/usr/lib/../lib -L/usr/lib/gcc/x86_64-linux-gnu/4.8/../../.. CMakeFiles/cmTryCompileExec3242304421.dir/CMakeCCompilerABI.c.o -lgcc --as-needed -lgcc_s --no-as-needed -lc -lgcc --as-needed -lgcc_s --no-as-needed /usr/lib/gcc/x86_64-linux-gnu/4.8/crtend.o /usr/lib/gcc/x86_64-linux-gnu/4.8/../../../x86_64-linux-gnu/crtn.o]
    arg [/usr/lib/gcc/x86_64-linux-gnu/4.8/collect2] ==> ignore
    arg [--sysroot=/] ==> ignore
    arg [--build-id] ==> ignore
    arg [--eh-frame-hdr] ==> ignore
    arg [-m] ==> ignore
    arg [elf_x86_64] ==> ignore
    arg [--hash-style=gnu] ==> ignore
    arg [--as-needed] ==> ignore
    arg [-export-dynamic] ==> ignore
    arg [-dynamic-linker] ==> ignore
    arg [/lib64/ld-linux-x86-64.so.2] ==> ignore
    arg [-zrelro] ==> ignore
    arg [-o] ==> ignore
    arg [cmTryCompileExec3242304421] ==> ignore
    arg [/usr/lib/gcc/x86_64-linux-gnu/4.8/../../../x86_64-linux-gnu/crt1.o] ==> ignore
    arg [/usr/lib/gcc/x86_64-linux-gnu/4.8/../../../x86_64-linux-gnu/crti.o] ==> ignore
    arg [/usr/lib/gcc/x86_64-linux-gnu/4.8/crtbegin.o] ==> ignore
    arg [-L/usr/lib/gcc/x86_64-linux-gnu/4.8] ==> dir [/usr/lib/gcc/x86_64-linux-gnu/4.8]
    arg [-L/usr/lib/gcc/x86_64-linux-gnu/4.8/../../../x86_64-linux-gnu] ==> dir [/usr/lib/gcc/x86_64-linux-gnu/4.8/../../../x86_64-linux-gnu]
    arg [-L/usr/lib/gcc/x86_64-linux-gnu/4.8/../../../../lib] ==> dir [/usr/lib/gcc/x86_64-linux-gnu/4.8/../../../../lib]
    arg [-L/lib/x86_64-linux-gnu] ==> dir [/lib/x86_64-linux-gnu]
    arg [-L/lib/../lib] ==> dir [/lib/../lib]
    arg [-L/usr/lib/x86_64-linux-gnu] ==> dir [/usr/lib/x86_64-linux-gnu]
    arg [-L/usr/lib/../lib] ==> dir [/usr/lib/../lib]
    arg [-L/usr/lib/gcc/x86_64-linux-gnu/4.8/../../..] ==> dir [/usr/lib/gcc/x86_64-linux-gnu/4.8/../../..]
    arg [CMakeFiles/cmTryCompileExec3242304421.dir/CMakeCCompilerABI.c.o] ==> ignore
    arg [-lgcc] ==> lib [gcc]
    arg [--as-needed] ==> ignore
    arg [-lgcc_s] ==> lib [gcc_s]
    arg [--no-as-needed] ==> ignore
    arg [-lc] ==> lib [c]
    arg [-lgcc] ==> lib [gcc]
    arg [--as-needed] ==> ignore
    arg [-lgcc_s] ==> lib [gcc_s]
    arg [--no-as-needed] ==> ignore
    arg [/usr/lib/gcc/x86_64-linux-gnu/4.8/crtend.o] ==> ignore
    arg [/usr/lib/gcc/x86_64-linux-gnu/4.8/../../../x86_64-linux-gnu/crtn.o] ==> ignore
  remove lib [gcc]
  remove lib [gcc_s]
  remove lib [gcc]
  remove lib [gcc_s]
  collapse library dir [/usr/lib/gcc/x86_64-linux-gnu/4.8] ==> [/usr/lib/gcc/x86_64-linux-gnu/4.8]
  collapse library dir [/usr/lib/gcc/x86_64-linux-gnu/4.8/../../../x86_64-linux-gnu] ==> [/usr/lib/x86_64-linux-gnu]
  collapse library dir [/usr/lib/gcc/x86_64-linux-gnu/4.8/../../../../lib] ==> [/usr/lib]
  collapse library dir [/lib/x86_64-linux-gnu] ==> [/lib/x86_64-linux-gnu]
  collapse library dir [/lib/../lib] ==> [/lib]
  collapse library dir [/usr/lib/x86_64-linux-gnu] ==> [/usr/lib/x86_64-linux-gnu]
  collapse library dir [/usr/lib/../lib] ==> [/usr/lib]
  collapse library dir [/usr/lib/gcc/x86_64-linux-gnu/4.8/../../..] ==> [/usr/lib]
  implicit libs: [c]
  implicit dirs: [/usr/lib/gcc/x86_64-linux-gnu/4.8;/usr/lib/x86_64-linux-gnu;/usr/lib;/lib/x86_64-linux-gnu;/lib]
  implicit fwks: []


Determining if the include file unistd.h exists passed with the following output:
Change Dir: /home/juan/Uni/Diseño2/IS-PS/src/gflags-2.1.2/CMakeFiles/CMakeTmp

Run Build Command:/usr/bin/make "cmTryCompileExec1832082409/fast"
/usr/bin/make -f CMakeFiles/cmTryCompileExec1832082409.dir/build.make CMakeFiles/cmTryCompileExec1832082409.dir/build
make[1]: Entering directory `/home/juan/Uni/Diseño2/IS-PS/src/gflags-2.1.2/CMakeFiles/CMakeTmp'
/usr/bin/cmake -E cmake_progress_report /home/juan/Uni/Diseño2/IS-PS/src/gflags-2.1.2/CMakeFiles/CMakeTmp/CMakeFiles 1
Building CXX object CMakeFiles/cmTryCompileExec1832082409.dir/CheckIncludeFile.cxx.o
/usr/bin/c++     -o CMakeFiles/cmTryCompileExec1832082409.dir/CheckIncludeFile.cxx.o -c /home/juan/Uni/Diseño2/IS-PS/src/gflags-2.1.2/CMakeFiles/CMakeTmp/CheckIncludeFile.cxx
Linking CXX executable cmTryCompileExec1832082409
/usr/bin/cmake -E cmake_link_script CMakeFiles/cmTryCompileExec1832082409.dir/link.txt --verbose=1
/usr/bin/c++        CMakeFiles/cmTryCompileExec1832082409.dir/CheckIncludeFile.cxx.o  -o cmTryCompileExec1832082409 -rdynamic 
make[1]: Leaving directory `/home/juan/Uni/Diseño2/IS-PS/src/gflags-2.1.2/CMakeFiles/CMakeTmp'


Determining if the include file stdint.h exists passed with the following output:
Change Dir: /home/juan/Uni/Diseño2/IS-PS/src/gflags-2.1.2/CMakeFiles/CMakeTmp

Run Build Command:/usr/bin/make "cmTryCompileExec3224574496/fast"
/usr/bin/make -f CMakeFiles/cmTryCompileExec3224574496.dir/build.make CMakeFiles/cmTryCompileExec3224574496.dir/build
make[1]: Entering directory `/home/juan/Uni/Diseño2/IS-PS/src/gflags-2.1.2/CMakeFiles/CMakeTmp'
/usr/bin/cmake -E cmake_progress_report /home/juan/Uni/Diseño2/IS-PS/src/gflags-2.1.2/CMakeFiles/CMakeTmp/CMakeFiles 1
Building CXX object CMakeFiles/cmTryCompileExec3224574496.dir/CheckIncludeFile.cxx.o
/usr/bin/c++     -o CMakeFiles/cmTryCompileExec3224574496.dir/CheckIncludeFile.cxx.o -c /home/juan/Uni/Diseño2/IS-PS/src/gflags-2.1.2/CMakeFiles/CMakeTmp/CheckIncludeFile.cxx
Linking CXX executable cmTryCompileExec3224574496
/usr/bin/cmake -E cmake_link_script CMakeFiles/cmTryCompileExec3224574496.dir/link.txt --verbose=1
/usr/bin/c++        CMakeFiles/cmTryCompileExec3224574496.dir/CheckIncludeFile.cxx.o  -o cmTryCompileExec3224574496 -rdynamic 
make[1]: Leaving directory `/home/juan/Uni/Diseño2/IS-PS/src/gflags-2.1.2/CMakeFiles/CMakeTmp'


Determining if the include file inttypes.h exists passed with the following output:
Change Dir: /home/juan/Uni/Diseño2/IS-PS/src/gflags-2.1.2/CMakeFiles/CMakeTmp

Run Build Command:/usr/bin/make "cmTryCompileExec1952981727/fast"
/usr/bin/make -f CMakeFiles/cmTryCompileExec1952981727.dir/build.make CMakeFiles/cmTryCompileExec1952981727.dir/build
make[1]: Entering directory `/home/juan/Uni/Diseño2/IS-PS/src/gflags-2.1.2/CMakeFiles/CMakeTmp'
/usr/bin/cmake -E cmake_progress_report /home/juan/Uni/Diseño2/IS-PS/src/gflags-2.1.2/CMakeFiles/CMakeTmp/CMakeFiles 1
Building CXX object CMakeFiles/cmTryCompileExec1952981727.dir/CheckIncludeFile.cxx.o
/usr/bin/c++     -o CMakeFiles/cmTryCompileExec1952981727.dir/CheckIncludeFile.cxx.o -c /home/juan/Uni/Diseño2/IS-PS/src/gflags-2.1.2/CMakeFiles/CMakeTmp/CheckIncludeFile.cxx
Linking CXX executable cmTryCompileExec1952981727
/usr/bin/cmake -E cmake_link_script CMakeFiles/cmTryCompileExec1952981727.dir/link.txt --verbose=1
/usr/bin/c++        CMakeFiles/cmTryCompileExec1952981727.dir/CheckIncludeFile.cxx.o  -o cmTryCompileExec1952981727 -rdynamic 
make[1]: Leaving directory `/home/juan/Uni/Diseño2/IS-PS/src/gflags-2.1.2/CMakeFiles/CMakeTmp'


Determining if the include file sys/types.h exists passed with the following output:
Change Dir: /home/juan/Uni/Diseño2/IS-PS/src/gflags-2.1.2/CMakeFiles/CMakeTmp

Run Build Command:/usr/bin/make "cmTryCompileExec3022564677/fast"
/usr/bin/make -f CMakeFiles/cmTryCompileExec3022564677.dir/build.make CMakeFiles/cmTryCompileExec3022564677.dir/build
make[1]: Entering directory `/home/juan/Uni/Diseño2/IS-PS/src/gflags-2.1.2/CMakeFiles/CMakeTmp'
/usr/bin/cmake -E cmake_progress_report /home/juan/Uni/Diseño2/IS-PS/src/gflags-2.1.2/CMakeFiles/CMakeTmp/CMakeFiles 1
Building CXX object CMakeFiles/cmTryCompileExec3022564677.dir/CheckIncludeFile.cxx.o
/usr/bin/c++     -o CMakeFiles/cmTryCompileExec3022564677.dir/CheckIncludeFile.cxx.o -c /home/juan/Uni/Diseño2/IS-PS/src/gflags-2.1.2/CMakeFiles/CMakeTmp/CheckIncludeFile.cxx
Linking CXX executable cmTryCompileExec3022564677
/usr/bin/cmake -E cmake_link_script CMakeFiles/cmTryCompileExec3022564677.dir/link.txt --verbose=1
/usr/bin/c++        CMakeFiles/cmTryCompileExec3022564677.dir/CheckIncludeFile.cxx.o  -o cmTryCompileExec3022564677 -rdynamic 
make[1]: Leaving directory `/home/juan/Uni/Diseño2/IS-PS/src/gflags-2.1.2/CMakeFiles/CMakeTmp'


Determining if the include file sys/stat.h exists passed with the following output:
Change Dir: /home/juan/Uni/Diseño2/IS-PS/src/gflags-2.1.2/CMakeFiles/CMakeTmp

Run Build Command:/usr/bin/make "cmTryCompileExec1325105257/fast"
/usr/bin/make -f CMakeFiles/cmTryCompileExec1325105257.dir/build.make CMakeFiles/cmTryCompileExec1325105257.dir/build
make[1]: Entering directory `/home/juan/Uni/Diseño2/IS-PS/src/gflags-2.1.2/CMakeFiles/CMakeTmp'
/usr/bin/cmake -E cmake_progress_report /home/juan/Uni/Diseño2/IS-PS/src/gflags-2.1.2/CMakeFiles/CMakeTmp/CMakeFiles 1
Building CXX object CMakeFiles/cmTryCompileExec1325105257.dir/CheckIncludeFile.cxx.o
/usr/bin/c++     -o CMakeFiles/cmTryCompileExec1325105257.dir/CheckIncludeFile.cxx.o -c /home/juan/Uni/Diseño2/IS-PS/src/gflags-2.1.2/CMakeFiles/CMakeTmp/CheckIncludeFile.cxx
Linking CXX executable cmTryCompileExec1325105257
/usr/bin/cmake -E cmake_link_script CMakeFiles/cmTryCompileExec1325105257.dir/link.txt --verbose=1
/usr/bin/c++        CMakeFiles/cmTryCompileExec1325105257.dir/CheckIncludeFile.cxx.o  -o cmTryCompileExec1325105257 -rdynamic 
make[1]: Leaving directory `/home/juan/Uni/Diseño2/IS-PS/src/gflags-2.1.2/CMakeFiles/CMakeTmp'


Determining if the include file fnmatch.h exists passed with the following output:
Change Dir: /home/juan/Uni/Diseño2/IS-PS/src/gflags-2.1.2/CMakeFiles/CMakeTmp

Run Build Command:/usr/bin/make "cmTryCompileExec830512785/fast"
/usr/bin/make -f CMakeFiles/cmTryCompileExec830512785.dir/build.make CMakeFiles/cmTryCompileExec830512785.dir/build
make[1]: Entering directory `/home/juan/Uni/Diseño2/IS-PS/src/gflags-2.1.2/CMakeFiles/CMakeTmp'
/usr/bin/cmake -E cmake_progress_report /home/juan/Uni/Diseño2/IS-PS/src/gflags-2.1.2/CMakeFiles/CMakeTmp/CMakeFiles 1
Building CXX object CMakeFiles/cmTryCompileExec830512785.dir/CheckIncludeFile.cxx.o
/usr/bin/c++     -o CMakeFiles/cmTryCompileExec830512785.dir/CheckIncludeFile.cxx.o -c /home/juan/Uni/Diseño2/IS-PS/src/gflags-2.1.2/CMakeFiles/CMakeTmp/CheckIncludeFile.cxx
Linking CXX executable cmTryCompileExec830512785
/usr/bin/cmake -E cmake_link_script CMakeFiles/cmTryCompileExec830512785.dir/link.txt --verbose=1
/usr/bin/c++        CMakeFiles/cmTryCompileExec830512785.dir/CheckIncludeFile.cxx.o  -o cmTryCompileExec830512785 -rdynamic 
make[1]: Leaving directory `/home/juan/Uni/Diseño2/IS-PS/src/gflags-2.1.2/CMakeFiles/CMakeTmp'


Determining if the include file stddef.h exists passed with the following output:
Change Dir: /home/juan/Uni/Diseño2/IS-PS/src/gflags-2.1.2/CMakeFiles/CMakeTmp

Run Build Command:/usr/bin/make "cmTryCompileExec2669337889/fast"
/usr/bin/make -f CMakeFiles/cmTryCompileExec2669337889.dir/build.make CMakeFiles/cmTryCompileExec2669337889.dir/build
make[1]: Entering directory `/home/juan/Uni/Diseño2/IS-PS/src/gflags-2.1.2/CMakeFiles/CMakeTmp'
/usr/bin/cmake -E cmake_progress_report /home/juan/Uni/Diseño2/IS-PS/src/gflags-2.1.2/CMakeFiles/CMakeTmp/CMakeFiles 1
Building C object CMakeFiles/cmTryCompileExec2669337889.dir/CheckIncludeFile.c.o
/usr/bin/cc    -o CMakeFiles/cmTryCompileExec2669337889.dir/CheckIncludeFile.c.o   -c /home/juan/Uni/Diseño2/IS-PS/src/gflags-2.1.2/CMakeFiles/CMakeTmp/CheckIncludeFile.c
Linking C executable cmTryCompileExec2669337889
/usr/bin/cmake -E cmake_link_script CMakeFiles/cmTryCompileExec2669337889.dir/link.txt --verbose=1
/usr/bin/cc       CMakeFiles/cmTryCompileExec2669337889.dir/CheckIncludeFile.c.o  -o cmTryCompileExec2669337889 -rdynamic 
make[1]: Leaving directory `/home/juan/Uni/Diseño2/IS-PS/src/gflags-2.1.2/CMakeFiles/CMakeTmp'


Determining size of uint32_t passed with the following output:
Change Dir: /home/juan/Uni/Diseño2/IS-PS/src/gflags-2.1.2/CMakeFiles/CMakeTmp

Run Build Command:/usr/bin/make "cmTryCompileExec1476729024/fast"
/usr/bin/make -f CMakeFiles/cmTryCompileExec1476729024.dir/build.make CMakeFiles/cmTryCompileExec1476729024.dir/build
make[1]: Entering directory `/home/juan/Uni/Diseño2/IS-PS/src/gflags-2.1.2/CMakeFiles/CMakeTmp'
/usr/bin/cmake -E cmake_progress_report /home/juan/Uni/Diseño2/IS-PS/src/gflags-2.1.2/CMakeFiles/CMakeTmp/CMakeFiles 1
Building C object CMakeFiles/cmTryCompileExec1476729024.dir/uint32_t.c.o
/usr/bin/cc    -o CMakeFiles/cmTryCompileExec1476729024.dir/uint32_t.c.o   -c /home/juan/Uni/Diseño2/IS-PS/src/gflags-2.1.2/CMakeFiles/CheckTypeSize/uint32_t.c
Linking C executable cmTryCompileExec1476729024
/usr/bin/cmake -E cmake_link_script CMakeFiles/cmTryCompileExec1476729024.dir/link.txt --verbose=1
/usr/bin/cc       CMakeFiles/cmTryCompileExec1476729024.dir/uint32_t.c.o  -o cmTryCompileExec1476729024 -rdynamic 
make[1]: Leaving directory `/home/juan/Uni/Diseño2/IS-PS/src/gflags-2.1.2/CMakeFiles/CMakeTmp'


Determining if the strtoll exist passed with the following output:
Change Dir: /home/juan/Uni/Diseño2/IS-PS/src/gflags-2.1.2/CMakeFiles/CMakeTmp

Run Build Command:/usr/bin/make "cmTryCompileExec1627316944/fast"
/usr/bin/make -f CMakeFiles/cmTryCompileExec1627316944.dir/build.make CMakeFiles/cmTryCompileExec1627316944.dir/build
make[1]: Entering directory `/home/juan/Uni/Diseño2/IS-PS/src/gflags-2.1.2/CMakeFiles/CMakeTmp'
/usr/bin/cmake -E cmake_progress_report /home/juan/Uni/Diseño2/IS-PS/src/gflags-2.1.2/CMakeFiles/CMakeTmp/CMakeFiles 1
Building CXX object CMakeFiles/cmTryCompileExec1627316944.dir/CheckSymbolExists.cxx.o
/usr/bin/c++     -o CMakeFiles/cmTryCompileExec1627316944.dir/CheckSymbolExists.cxx.o -c /home/juan/Uni/Diseño2/IS-PS/src/gflags-2.1.2/CMakeFiles/CMakeTmp/CheckSymbolExists.cxx
Linking CXX executable cmTryCompileExec1627316944
/usr/bin/cmake -E cmake_link_script CMakeFiles/cmTryCompileExec1627316944.dir/link.txt --verbose=1
/usr/bin/c++        CMakeFiles/cmTryCompileExec1627316944.dir/CheckSymbolExists.cxx.o  -o cmTryCompileExec1627316944 -rdynamic 
make[1]: Leaving directory `/home/juan/Uni/Diseño2/IS-PS/src/gflags-2.1.2/CMakeFiles/CMakeTmp'

File /home/juan/Uni/Diseño2/IS-PS/src/gflags-2.1.2/CMakeFiles/CMakeTmp/CheckSymbolExists.cxx:
/* */
#include <stdlib.h>

int main(int argc, char** argv)
{
  (void)argv;
#ifndef strtoll
  return ((int*)(&strtoll))[argc];
#else
  (void)argc;
  return 0;
#endif
}

Determining if files pthread.h exist passed with the following output:
Change Dir: /home/juan/Uni/Diseño2/IS-PS/src/gflags-2.1.2/CMakeFiles/CMakeTmp

Run Build Command:/usr/bin/make "cmTryCompileExec1567491864/fast"
/usr/bin/make -f CMakeFiles/cmTryCompileExec1567491864.dir/build.make CMakeFiles/cmTryCompileExec1567491864.dir/build
make[1]: Entering directory `/home/juan/Uni/Diseño2/IS-PS/src/gflags-2.1.2/CMakeFiles/CMakeTmp'
/usr/bin/cmake -E cmake_progress_report /home/juan/Uni/Diseño2/IS-PS/src/gflags-2.1.2/CMakeFiles/CMakeTmp/CMakeFiles 1
Building C object CMakeFiles/cmTryCompileExec1567491864.dir/CheckIncludeFiles.c.o
/usr/bin/cc    -o CMakeFiles/cmTryCompileExec1567491864.dir/CheckIncludeFiles.c.o   -c /home/juan/Uni/Diseño2/IS-PS/src/gflags-2.1.2/CMakeFiles/CMakeTmp/CheckIncludeFiles.c
Linking C executable cmTryCompileExec1567491864
/usr/bin/cmake -E cmake_link_script CMakeFiles/cmTryCompileExec1567491864.dir/link.txt --verbose=1
/usr/bin/cc       CMakeFiles/cmTryCompileExec1567491864.dir/CheckIncludeFiles.c.o  -o cmTryCompileExec1567491864 -rdynamic 
make[1]: Leaving directory `/home/juan/Uni/Diseño2/IS-PS/src/gflags-2.1.2/CMakeFiles/CMakeTmp'


Determining if the function pthread_create exists in the pthread passed with the following output:
Change Dir: /home/juan/Uni/Diseño2/IS-PS/src/gflags-2.1.2/CMakeFiles/CMakeTmp

Run Build Command:/usr/bin/make "cmTryCompileExec3876713022/fast"
/usr/bin/make -f CMakeFiles/cmTryCompileExec3876713022.dir/build.make CMakeFiles/cmTryCompileExec3876713022.dir/build
make[1]: Entering directory `/home/juan/Uni/Diseño2/IS-PS/src/gflags-2.1.2/CMakeFiles/CMakeTmp'
/usr/bin/cmake -E cmake_progress_report /home/juan/Uni/Diseño2/IS-PS/src/gflags-2.1.2/CMakeFiles/CMakeTmp/CMakeFiles 1
Building C object CMakeFiles/cmTryCompileExec3876713022.dir/CheckFunctionExists.c.o
/usr/bin/cc   -DCHECK_FUNCTION_EXISTS=pthread_create   -o CMakeFiles/cmTryCompileExec3876713022.dir/CheckFunctionExists.c.o   -c /usr/share/cmake-2.8/Modules/CheckFunctionExists.c
Linking C executable cmTryCompileExec3876713022
/usr/bin/cmake -E cmake_link_script CMakeFiles/cmTryCompileExec3876713022.dir/link.txt --verbose=1
/usr/bin/cc   -DCHECK_FUNCTION_EXISTS=pthread_create    CMakeFiles/cmTryCompileExec3876713022.dir/CheckFunctionExists.c.o  -o cmTryCompileExec3876713022 -rdynamic -lpthread 
make[1]: Leaving directory `/home/juan/Uni/Diseño2/IS-PS/src/gflags-2.1.2/CMakeFiles/CMakeTmp'


Determining size of pthread_rwlock_t passed with the following output:
Change Dir: /home/juan/Uni/Diseño2/IS-PS/src/gflags-2.1.2/CMakeFiles/CMakeTmp

Run Build Command:/usr/bin/make "cmTryCompileExec687444885/fast"
/usr/bin/make -f CMakeFiles/cmTryCompileExec687444885.dir/build.make CMakeFiles/cmTryCompileExec687444885.dir/build
make[1]: Entering directory `/home/juan/Uni/Diseño2/IS-PS/src/gflags-2.1.2/CMakeFiles/CMakeTmp'
/usr/bin/cmake -E cmake_progress_report /home/juan/Uni/Diseño2/IS-PS/src/gflags-2.1.2/CMakeFiles/CMakeTmp/CMakeFiles 1
Building C object CMakeFiles/cmTryCompileExec687444885.dir/RWLOCK.c.o
/usr/bin/cc    -o CMakeFiles/cmTryCompileExec687444885.dir/RWLOCK.c.o   -c /home/juan/Uni/Diseño2/IS-PS/src/gflags-2.1.2/CMakeFiles/CheckTypeSize/RWLOCK.c
Linking C executable cmTryCompileExec687444885
/usr/bin/cmake -E cmake_link_script CMakeFiles/cmTryCompileExec687444885.dir/link.txt --verbose=1
/usr/bin/cc       CMakeFiles/cmTryCompileExec687444885.dir/RWLOCK.c.o  -o cmTryCompileExec687444885 -rdynamic 
make[1]: Leaving directory `/home/juan/Uni/Diseño2/IS-PS/src/gflags-2.1.2/CMakeFiles/CMakeTmp'


